<?xml version="1.0" encoding="UTF-8"?>
<testng-results ignored="0" total="1" passed="1" failed="0" skipped="0">
  <reporter-output>
  </reporter-output>
  <suite started-at="2024-08-01T01:49:48 IST" name="Default suite" finished-at="2024-08-01T01:50:32 IST" duration-ms="44351">
    <groups>
    </groups>
    <test started-at="2024-08-01T01:49:48 IST" name="Default test" finished-at="2024-08-01T01:50:32 IST" duration-ms="44351">
      <class name="com.crm.tiger.CreateContactWithStartAndEndDate">
        <test-method is-config="true" signature="preCondition()[pri:0, instance:com.crm.tiger.CreateContactWithStartAndEndDate@563f38c4]" started-at="2024-08-01T01:49:48 IST" name="preCondition" finished-at="2024-08-01T01:49:58 IST" duration-ms="9706" status="PASS">
          <reporter-output>
          </reporter-output>
        </test-method> <!-- preCondition -->
        <test-method is-config="true" signature="login()[pri:0, instance:com.crm.tiger.CreateContactWithStartAndEndDate@563f38c4]" started-at="2024-08-01T01:49:58 IST" name="login" finished-at="2024-08-01T01:50:04 IST" duration-ms="6335" status="PASS">
          <reporter-output>
          </reporter-output>
        </test-method> <!-- login -->
        <test-method signature="sedate()[pri:0, instance:com.crm.tiger.CreateContactWithStartAndEndDate@563f38c4]" started-at="2024-08-01T01:50:04 IST" name="sedate" finished-at="2024-08-01T01:50:32 IST" duration-ms="28135" status="PASS">
          <reporter-output>
          </reporter-output>
        </test-method> <!-- sedate -->
        <test-method is-config="true" signature="logout()[pri:0, instance:com.crm.tiger.CreateContactWithStartAndEndDate@563f38c4]" started-at="2024-08-01T01:50:32 IST" name="logout" finished-at="2024-08-01T01:50:32 IST" duration-ms="1" status="PASS">
          <reporter-output>
          </reporter-output>
        </test-method> <!-- logout -->
        <test-method is-config="true" signature="postCondition()[pri:0, instance:com.crm.tiger.CreateContactWithStartAndEndDate@563f38c4]" started-at="2024-08-01T01:50:32 IST" name="postCondition" finished-at="2024-08-01T01:50:32 IST" duration-ms="5" status="PASS">
          <reporter-output>
          </reporter-output>
        </test-method> <!-- postCondition -->
      </class> <!-- com.crm.tiger.CreateContactWithStartAndEndDate -->
    </test> <!-- Default test -->
  </suite> <!-- Default suite -->
</testng-results>
